--------------------------------------------------------------------------------
Release 14.6 Trace  (nt64)
Copyright (c) 1995-2013 Xilinx, Inc.  All rights reserved.

C:\Xilinx\14.6\ISE_DS\ISE\bin\nt64\unwrapped\trce.exe -intstyle ise -v 3 -s 3
-n 3 -fastpaths -xml top.twx top.ncd -o top.twr top.pcf -ucf lab5_ucf.ucf

Design file:              top.ncd
Physical constraint file: top.pcf
Device,package,speed:     xc6slx16,csg324,C,-3 (PRODUCTION 1.23 2013-06-08)
Report level:             verbose report

Environment Variable      Effect 
--------------------      ------ 
NONE                      No environment variables were set
--------------------------------------------------------------------------------

INFO:Timing:2698 - No timing constraints found, doing default enumeration.
INFO:Timing:3412 - To improve timing, see the Timing Closure User Guide (UG612).
INFO:Timing:2752 - To get complete path coverage, use the unconstrained paths 
   option. All paths that are not constrained will be reported in the 
   unconstrained paths section(s) of the report.
INFO:Timing:3339 - The clock-to-out numbers in this timing report are based on 
   a 50 Ohm transmission line loading model.  For the details of this model, 
   and for more information on accounting for different loading conditions, 
   please see the device datasheet.



Data Sheet report:
-----------------
All values displayed in nanoseconds (ns)

Setup/Hold to clock clk
------------+------------+------------+------------+------------+------------------+--------+
            |Max Setup to|  Process   |Max Hold to |  Process   |                  | Clock  |
Source      | clk (edge) |   Corner   | clk (edge) |   Corner   |Internal Clock(s) | Phase  |
------------+------------+------------+------------+------------+------------------+--------+
btn         |    2.198(R)|      SLOW  |   -0.276(R)|      SLOW  |clk_BUFGP         |   0.000|
sw<1>       |    3.364(R)|      SLOW  |   -1.928(R)|      FAST  |clk_BUFGP         |   0.000|
sw<2>       |    3.903(R)|      SLOW  |   -1.981(R)|      FAST  |clk_BUFGP         |   0.000|
sw<3>       |    3.870(R)|      SLOW  |   -2.027(R)|      FAST  |clk_BUFGP         |   0.000|
sw<4>       |    3.958(R)|      SLOW  |   -1.607(R)|      FAST  |clk_BUFGP         |   0.000|
sw<5>       |    3.605(R)|      SLOW  |   -1.576(R)|      FAST  |clk_BUFGP         |   0.000|
sw<6>       |    3.201(R)|      SLOW  |   -1.364(R)|      FAST  |clk_BUFGP         |   0.000|
sw<7>       |    3.986(R)|      SLOW  |   -1.628(R)|      FAST  |clk_BUFGP         |   0.000|
------------+------------+------------+------------+------------+------------------+--------+

Clock clk to Pad
------------+-----------------+------------+-----------------+------------+------------------+--------+
            |Max (slowest) clk|  Process   |Min (fastest) clk|  Process   |                  | Clock  |
Destination |  (edge) to PAD  |   Corner   |  (edge) to PAD  |   Corner   |Internal Clock(s) | Phase  |
------------+-----------------+------------+-----------------+------------+------------------+--------+
hsync       |         8.462(R)|      SLOW  |         4.620(R)|      FAST  |clk_BUFGP         |   0.000|
rgb<0>      |         8.376(R)|      SLOW  |         4.571(R)|      FAST  |clk_BUFGP         |   0.000|
rgb<1>      |         8.263(R)|      SLOW  |         4.508(R)|      FAST  |clk_BUFGP         |   0.000|
rgb<2>      |         8.244(R)|      SLOW  |         4.464(R)|      FAST  |clk_BUFGP         |   0.000|
vsync       |         9.378(R)|      SLOW  |         5.192(R)|      FAST  |clk_BUFGP         |   0.000|
------------+-----------------+------------+-----------------+------------+------------------+--------+

Clock to Setup on destination clock clk
---------------+---------+---------+---------+---------+
               | Src:Rise| Src:Fall| Src:Rise| Src:Fall|
Source Clock   |Dest:Rise|Dest:Rise|Dest:Fall|Dest:Fall|
---------------+---------+---------+---------+---------+
clk            |   20.007|         |         |         |
---------------+---------+---------+---------+---------+


Analysis completed Thu Apr 23 18:31:41 2015 
--------------------------------------------------------------------------------

Trace Settings:
-------------------------
Trace Settings 

Peak Memory Usage: 276 MB



